UpdateCTestConfiguration  from :/Users/okunow/Desktop/ferox-wt-143/build-perf/release/DartConfiguration.tcl
Test project /Users/okunow/Desktop/ferox-wt-143/build-perf/release
Constructing a list of tests
Done constructing a list of tests
Updating test list for fixtures
Added 0 tests to meet fixture requirements
Checking test dependency graph...
Checking test dependency graph end
test 16
    Start 16: SimdEvalTests

16: Test command: /Users/okunow/Desktop/ferox-wt-143/build-perf/release/tests/test_simd_eval
16: Working Directory: /Users/okunow/Desktop/ferox-wt-143/build-perf/release/tests
16: Test timeout computed to be: 120
16: 
16: === SIMD Eval Tests ===
16: 
16:   Running simd_decay_toxins_matches_scalar_reference... PASSED
16:   Running simd_produce_toxins_decay_matches_scalar_on_empty_world... PASSED
16:   Running simd_update_scents_clamps_signal_range... PASSED
16:   Running simd_update_scents_produces_reproducible_activation_front... PASSED
16:   Running simd_update_scents_tracks_strongest_source... PASSED
16:   Running simd_decay_toxins_performance_eval... 
16:     [perf] decay_toxins: optimized=2.69ms scalar=2.74ms ratio=0.98x
16: PASSED
16: 
16: --- SIMD Eval Results ---
16: Passed: 6
16: Failed: 0
1/3 Test #16: SimdEvalTests ....................   Passed    0.02 sec
test 18
    Start 18: PerformanceEvalTests

18: Test command: /Users/okunow/Desktop/ferox-wt-143/build-perf/release/tests/test_performance_eval
18: Working Directory: /Users/okunow/Desktop/ferox-wt-143/build-perf/release/tests
18: Test timeout computed to be: 180
18: 
18: === Performance Eval Tests ===
18:     (Set FEROX_PERF_SCALE=2..20 for heavier benchmark loops)
18: 
18:   Running shared_name_color_generation_throughput... 
18:     [perf] name+color generation          14.52 ms, 6887526.66 ops/s
18: PASSED
18:   Running world_lifecycle_throughput... 
18:     [perf] world create/init/destroy      10.84 ms, 33207.27 ops/s
18: PASSED
18:   Running protocol_world_serialize_deserialize_throughput... 
18:     [perf] protocol serialize+deserialize 9.65 ms, 24867.89 ops/s
18:     [perf] protocol throughput: 595.53 MB/s
18: PASSED
18:   Running protocol_world_path_breakdown_eval... 
18:     [perf] protocol serialize only        5.82 ms, 41208.79 ops/s
18: 
18:     [perf] protocol deserialize only      6.05 ms, 39669.42 ops/s
18:     [perf] protocol size per frame: 32615 bytes
18:     [hint] serialize/deserialize costs are balanced
18: PASSED
18:   Running server_broadcast_path_breakdown_eval... 
18:     [perf] broadcast build snapshot       3.98 ms, 40170.73 ops/s
18: 
18:     [perf] broadcast build+serialize      8.55 ms, 18724.40 ops/s
18: 
18:     [perf] broadcast end-to-end (0 clients) 8.04 ms, 19893.07 ops/s
18:     [perf] broadcast avg snapshot: 159.96 KiB, encoded: 4.82 KiB
18:     [perf] broadcast stage share: build=46.6% serialize+other=53.4%
18: PASSED
18:   Running simulation_tick_throughput... 
18:     [perf] simulation_tick (serial)       438.55 ms, 159.62 ops/s
18: PASSED
18:   Running frontier_telemetry_seeded_run_eval...     [perf] frontier telemetry csv: seed,tick,frontier_sector_count,lineage_diversity_proxy,lineage_entropy_bits
18:     [perf] frontier_telemetry seed=48048 tick=10 frontier_sector_count=14 lineage_diversity_proxy=0.976354 lineage_entropy_bits=5.260585 frontier_cells=1176 occupied_cells=2540 active_lineages=49
18:     [perf] frontier_telemetry seed=48048 tick=20 frontier_sector_count=14 lineage_diversity_proxy=0.974089 lineage_entropy_bits=5.161312 frontier_cells=3134 occupied_cells=9629 active_lineages=49
18:     [perf] frontier_telemetry seed=48048 tick=30 frontier_sector_count=15 lineage_diversity_proxy=0.970855 lineage_entropy_bits=5.058022 frontier_cells=5219 occupied_cells=19794 active_lineages=48
18:     [perf] frontier_telemetry seed=48048 tick=40 frontier_sector_count=15 lineage_diversity_proxy=0.968477 lineage_entropy_bits=4.957969 frontier_cells=8163 occupied_cells=31189 active_lineages=48
18:     [perf] frontier_telemetry seed=48048 tick=50 frontier_sector_count=16 lineage_diversity_proxy=0.965860 lineage_entropy_bits=4.904332 frontier_cells=11780 occupied_cells=42382 active_lineages=48
18:     [perf] frontier_telemetry seed=48048 tick=60 frontier_sector_count=16 lineage_diversity_proxy=0.959898 lineage_entropy_bits=4.839403 frontier_cells=16125 occupied_cells=51648 active_lineages=48
18: 
18:     [perf] frontier telemetry compute     258.05 ms, 232.51 ops/s
18: PASSED
18:   Running atomic_tick_throughput_and_speedup_eval... 
18:     [perf] atomic_tick (4 threads)        236.14 ms, 254.09 ops/s
18: 
18:     [perf] simulation_tick baseline       323.29 ms, 185.59 ops/s
18:     [perf] atomic/serial time ratio: 0.73x
18: PASSED
18:   Running atomic_tick_thread_scaling_eval... 
18:     [perf] atomic_tick (1 thread)         121.66 ms, 328.80 ops/s
18: 
18:     [perf] atomic_tick (2 threads)        107.77 ms, 371.15 ops/s
18: 
18:     [perf] atomic_tick (4 threads)        102.45 ms, 390.45 ops/s
18:     [perf] speedup vs 1-thread: 2-thread=1.13x 4-thread=1.19x
18: PASSED
18:   Running atomic_tick_phase_breakdown_eval... 
18:     [perf] atomic phase: age              77.98 ms, 641.21 ops/s
18: 
18:     [perf] atomic phase: spread           20.10 ms, 2487.31 ops/s
18: 
18:     [perf] atomic phase: sync_to_world    1.78 ms, 28137.33 ops/s
18: 
18:     [perf] atomic phase: serial core      41.33 ms, 1209.77 ops/s
18: 
18:     [perf] atomic phase: sync_from_world  3.23 ms, 15494.27 ops/s
18: 
18:     [perf] atomic phase: total            144.42 ms, 346.21 ops/s
18:     [perf] atomic phase share: age=54.0% spread=13.9% sync_to=1.2% serial=28.6% sync_from=2.2% overhead=0.0%
18: PASSED
18:   Running atomic_sync_throughput_scaling_eval... 
18:     [perf] sync_to_world 200x100          0.65 ms, 123076.91 ops/s
18: 
18:     [perf] sync_from_world 200x100        2.54 ms, 31545.74 ops/s
18:     [perf] sync_to_world 200x100: 2461.54 Mcells/s
18:     [perf] sync_from_world 200x100: 630.91 Mcells/s
18: 
18:     [perf] sync_to_world 400x200          2.57 ms, 31116.30 ops/s
18: 
18:     [perf] sync_from_world 400x200        9.61 ms, 8322.93 ops/s
18:     [perf] sync_to_world 400x200: 2489.30 Mcells/s
18:     [perf] sync_from_world 400x200: 665.83 Mcells/s
18: 
18:     [perf] sync_to_world 800x400          10.77 ms, 7426.66 ops/s
18: 
18:     [perf] sync_from_world 800x400        37.34 ms, 2142.70 ops/s
18:     [perf] sync_to_world 800x400: 2376.53 Mcells/s
18:     [perf] sync_from_world 800x400: 685.67 Mcells/s
18:     [perf] sync_to scaling vs 200x100: 400x200=1.01x 800x400=0.97x
18:     [perf] sync_from scaling vs 200x100: 400x200=1.06x 800x400=1.09x
18: PASSED
18:   Running threadpool_task_throughput... 
18:     [perf] threadpool submit+execute      14.52 ms, 6886578.10 ops/s
18: PASSED
18:   Running threadpool_granularity_eval... 
18:     [perf] threadpool tiny tasks          14.70 ms, 6801795.61 ops/s
18: 
18:     [perf] threadpool chunked submit      8.54 ms, 11705489.57 ops/s
18: 
18:     [perf] threadpool batched tasks       0.65 ms, 152671817.97 ops/s
18:     [perf] tiny/chunked-submit ratio: 1.72x
18:     [perf] tiny/batched ratio: 22.45x
18:     [hint] task submission overhead is high; consider coarser work units
18: PASSED
18: 
18: --- Performance Eval Results ---
18: Passed: 13
18: Failed: 0
2/3 Test #18: PerformanceEvalTests .............   Passed    1.97 sec
test 19
    Start 19: PerformanceComponentTests

19: Test command: /Users/okunow/Desktop/ferox-wt-143/build-perf/release/tests/test_perf_components
19: Working Directory: /Users/okunow/Desktop/ferox-wt-143/build-perf/release/tests
19: Test timeout computed to be: 180
19: 
19: === Performance Component Tests ===
19:     (Set FEROX_PERF_SCALE=2..20 for heavier benchmark loops)
19: 
19:   Running simulation_update_nutrients_component_eval... 
19:     [perf] simulation_update_nutrients        6.81 ms, 23481.07 ops/s
19: PASSED
19:   Running simulation_spread_component_eval... 
19:     [perf] simulation_spread                  10.94 ms, 7310.61 ops/s
19: PASSED
19:   Running simulation_update_scents_component_eval... 
19:     [perf] simulation_update_scents           50.73 ms, 3153.89 ops/s
19: PASSED
19:   Running simulation_resolve_combat_component_eval... 
19:     [perf] simulation_resolve_combat          11.61 ms, 3445.31 ops/s
19: PASSED
19:   Running simulation_resolve_combat_sparse_border_component_eval... 
19:     [perf] simulation_resolve_combat_sparse_border 6.58 ms, 6075.33 ops/s
19: PASSED
19:   Running frontier_telemetry_component_eval... 
19:     [perf] frontier_telemetry_compute         5.21 ms, 15363.93 ops/s
19: PASSED
19:   Running atomic_spread_phase_component_eval... 
19:     [perf] atomic_age phase                   2.21 ms, 54347.83 ops/s
19: 
19:     [perf] atomic_spread phase                2.01 ms, 59820.54 ops/s
19: PASSED
19:   Running snapshot_build_component_eval... 
19:     [perf] server snapshot build              8.39 ms, 38158.84 ops/s
19: PASSED
19: 
19: --- Performance Component Results ---
19: Passed: 8
19: Failed: 0
3/3 Test #19: PerformanceComponentTests ........   Passed    3.49 sec

The following tests passed:
	SimdEvalTests
	PerformanceEvalTests
	PerformanceComponentTests

100% tests passed, 0 tests failed out of 3

Total Test time (real) =   5.48 sec
