UpdateCTestConfiguration  from :/Users/wokuno/Desktop/ferox/build-perf/debug/DartConfiguration.tcl
Test project /Users/wokuno/Desktop/ferox/build-perf/debug
Constructing a list of tests
Done constructing a list of tests
Updating test list for fixtures
Added 0 tests to meet fixture requirements
Checking test dependency graph...
Checking test dependency graph end
test 16
    Start 16: SimdEvalTests

16: Test command: /Users/wokuno/Desktop/ferox/build-perf/debug/tests/test_simd_eval
16: Working Directory: /Users/wokuno/Desktop/ferox/build-perf/debug/tests
16: Test timeout computed to be: 120
16: 
16: === SIMD Eval Tests ===
16: 
16:   Running simd_decay_toxins_matches_scalar_reference... PASSED
16:   Running simd_produce_toxins_decay_matches_scalar_on_empty_world... PASSED
16:   Running simd_update_scents_clamps_signal_range... PASSED
16:   Running simd_decay_toxins_performance_eval... 
16:     [perf] decay_toxins: optimized=78.09ms scalar=170.13ms ratio=0.46x
16: PASSED
16: 
16: --- SIMD Eval Results ---
16: Passed: 4
16: Failed: 0
1/2 Test #16: SimdEvalTests ....................   Passed    0.26 sec
test 17
    Start 17: PerformanceEvalTests

17: Test command: /Users/wokuno/Desktop/ferox/build-perf/debug/tests/test_performance_eval
17: Working Directory: /Users/wokuno/Desktop/ferox/build-perf/debug/tests
17: Test timeout computed to be: 180
17: 
17: === Performance Eval Tests ===
17:     (Set FEROX_PERF_SCALE=2..20 for heavier benchmark loops)
17: 
17:   Running shared_name_color_generation_throughput... 
17:     [perf] name+color generation          25.38 ms, 3940886.70 ops/s
17: PASSED
17:   Running world_lifecycle_throughput... 
17:     [perf] world create/init/destroy      56.42 ms, 6380.60 ops/s
17: PASSED
17:   Running protocol_world_serialize_deserialize_throughput... 
17:     [perf] protocol serialize+deserialize 65.60 ms, 3658.76 ops/s
17:     [perf] protocol throughput: 92.08 MB/s
17: PASSED
17:   Running protocol_world_path_breakdown_eval... 
17:     [perf] protocol serialize only        45.46 ms, 5279.60 ops/s
17: 
17:     [perf] protocol deserialize only      36.31 ms, 6610.48 ops/s
17:     [perf] protocol size per frame: 34054 bytes
17:     [hint] serialize/deserialize costs are balanced
17: PASSED
17:   Running simulation_tick_throughput... 
17:     [perf] simulation_tick (serial)       1249.82 ms, 56.01 ops/s
17: PASSED
17:   Running atomic_tick_throughput_and_speedup_eval... 
17:     [perf] atomic_tick (4 threads)        1902.40 ms, 31.54 ops/s
17: 
17:     [perf] simulation_tick baseline       1137.28 ms, 52.76 ops/s
17:     [perf] atomic/serial time ratio: 1.67x
17: PASSED
17:   Running atomic_tick_thread_scaling_eval... 
17:     [perf] atomic_tick (1 thread)         2774.72 ms, 14.42 ops/s
17: 
17:     [perf] atomic_tick (2 threads)        1633.98 ms, 24.48 ops/s
17: 
17:     [perf] atomic_tick (4 threads)        1013.28 ms, 39.48 ops/s
17:     [perf] speedup vs 1-thread: 2-thread=1.70x 4-thread=2.74x
17: PASSED
17:   Running threadpool_task_throughput... 
17:     [perf] threadpool submit+execute      16.33 ms, 6121824.31 ops/s
17: PASSED
17:   Running threadpool_granularity_eval... 
17:     [perf] threadpool tiny tasks          17.31 ms, 5778342.77 ops/s
17: 
17:     [perf] threadpool batched tasks       3.06 ms, 32690421.54 ops/s
17:     [perf] tiny/batched ratio: 5.66x
17:     [hint] task submission overhead is high; consider coarser work units
17: PASSED
17: 
17: --- Performance Eval Results ---
17: Passed: 9
17: Failed: 0
2/2 Test #17: PerformanceEvalTests .............   Passed   10.14 sec

The following tests passed:
	SimdEvalTests
	PerformanceEvalTests

100% tests passed, 0 tests failed out of 2

Total Test time (real) =  10.41 sec
