UpdateCTestConfiguration  from :/Users/wokuno/Desktop/ferox/build-perf/debug/DartConfiguration.tcl
Test project /Users/wokuno/Desktop/ferox/build-perf/debug
Constructing a list of tests
Done constructing a list of tests
Updating test list for fixtures
Added 0 tests to meet fixture requirements
Checking test dependency graph...
Checking test dependency graph end
test 16
    Start 16: SimdEvalTests

16: Test command: /Users/wokuno/Desktop/ferox/build-perf/debug/tests/test_simd_eval
16: Working Directory: /Users/wokuno/Desktop/ferox/build-perf/debug/tests
16: Test timeout computed to be: 120
16: 
16: === SIMD Eval Tests ===
16: 
16:   Running simd_decay_toxins_matches_scalar_reference... PASSED
16:   Running simd_produce_toxins_decay_matches_scalar_on_empty_world... PASSED
16:   Running simd_update_scents_clamps_signal_range... PASSED
16:   Running simd_decay_toxins_performance_eval... 
16:     [perf] decay_toxins: optimized=78.68ms scalar=173.28ms ratio=0.45x
16: PASSED
16: 
16: --- SIMD Eval Results ---
16: Passed: 4
16: Failed: 0
1/2 Test #16: SimdEvalTests ....................   Passed    0.27 sec
test 17
    Start 17: PerformanceEvalTests

17: Test command: /Users/wokuno/Desktop/ferox/build-perf/debug/tests/test_performance_eval
17: Working Directory: /Users/wokuno/Desktop/ferox/build-perf/debug/tests
17: Test timeout computed to be: 180
17: 
17: === Performance Eval Tests ===
17:     (Set FEROX_PERF_SCALE=2..20 for heavier benchmark loops)
17: 
17:   Running shared_name_color_generation_throughput... 
17:     [perf] name+color generation          25.45 ms, 3928655.61 ops/s
17: PASSED
17:   Running world_lifecycle_throughput... 
17:     [perf] world create/init/destroy      54.44 ms, 6612.30 ops/s
17: PASSED
17:   Running protocol_world_serialize_deserialize_throughput... 
17:     [perf] protocol serialize+deserialize 64.68 ms, 3710.40 ops/s
17:     [perf] protocol throughput: 93.38 MB/s
17: PASSED
17:   Running protocol_world_path_breakdown_eval... 
17:     [perf] protocol serialize only        45.17 ms, 5313.73 ops/s
17: 
17:     [perf] protocol deserialize only      35.72 ms, 6718.55 ops/s
17:     [perf] protocol size per frame: 34054 bytes
17:     [hint] serialize/deserialize costs are balanced
17: PASSED
17:   Running simulation_tick_throughput... 
17:     [perf] simulation_tick (serial)       1215.34 ms, 57.60 ops/s
17: PASSED
17:   Running atomic_tick_throughput_and_speedup_eval... 
17:     [perf] atomic_tick (4 threads)        1746.36 ms, 34.36 ops/s
17: 
17:     [perf] simulation_tick baseline       1161.51 ms, 51.66 ops/s
17:     [perf] atomic/serial time ratio: 1.50x
17: PASSED
17:   Running atomic_tick_thread_scaling_eval... 
17:     [perf] atomic_tick (1 thread)         2656.84 ms, 15.06 ops/s
17: 
17:     [perf] atomic_tick (2 threads)        1682.06 ms, 23.78 ops/s
17: 
17:     [perf] atomic_tick (4 threads)        1006.57 ms, 39.74 ops/s
17:     [perf] speedup vs 1-thread: 2-thread=1.58x 4-thread=2.64x
17: PASSED
17:   Running threadpool_task_throughput... 
17:     [perf] threadpool submit+execute      17.07 ms, 5857544.52 ops/s
17: PASSED
17:   Running threadpool_granularity_eval... 
17:     [perf] threadpool tiny tasks          17.48 ms, 5722133.21 ops/s
17: 
17:     [perf] threadpool batched tasks       3.28 ms, 30534351.09 ops/s
17:     [perf] tiny/batched ratio: 5.34x
17:     [hint] task submission overhead is high; consider coarser work units
17: PASSED
17: 
17: --- Performance Eval Results ---
17: Passed: 9
17: Failed: 0
2/2 Test #17: PerformanceEvalTests .............   Passed    9.89 sec

The following tests passed:
	SimdEvalTests
	PerformanceEvalTests

100% tests passed, 0 tests failed out of 2

Total Test time (real) =  10.16 sec
