UpdateCTestConfiguration  from :/Users/wokuno/Desktop/ferox/build-perf/debug/DartConfiguration.tcl
Test project /Users/wokuno/Desktop/ferox/build-perf/debug
Constructing a list of tests
Done constructing a list of tests
Updating test list for fixtures
Added 0 tests to meet fixture requirements
Checking test dependency graph...
Checking test dependency graph end
test 16
    Start 16: SimdEvalTests

16: Test command: /Users/wokuno/Desktop/ferox/build-perf/debug/tests/test_simd_eval
16: Working Directory: /Users/wokuno/Desktop/ferox/build-perf/debug/tests
16: Test timeout computed to be: 120
16: 
16: === SIMD Eval Tests ===
16: 
16:   Running simd_decay_toxins_matches_scalar_reference... PASSED
16:   Running simd_produce_toxins_decay_matches_scalar_on_empty_world... PASSED
16:   Running simd_update_scents_clamps_signal_range... PASSED
16:   Running simd_decay_toxins_performance_eval... 
16:     [perf] decay_toxins: optimized=85.49ms scalar=563.47ms ratio=0.15x
16: PASSED
16: 
16: --- SIMD Eval Results ---
16: Passed: 4
16: Failed: 0
1/2 Test #16: SimdEvalTests ....................   Passed    0.79 sec
test 17
    Start 17: PerformanceEvalTests

17: Test command: /Users/wokuno/Desktop/ferox/build-perf/debug/tests/test_performance_eval
17: Working Directory: /Users/wokuno/Desktop/ferox/build-perf/debug/tests
17: Test timeout computed to be: 180
17: 
17: === Performance Eval Tests ===
17:     (Set FEROX_PERF_SCALE=2..20 for heavier benchmark loops)
17: 
17:   Running shared_name_color_generation_throughput... 
17:     [perf] name+color generation          13.65 ms, 3663272.03 ops/s
17: PASSED
17:   Running world_lifecycle_throughput... 
17:     [perf] world create/init/destroy      32.58 ms, 5524.35 ops/s
17: PASSED
17:   Running protocol_world_serialize_deserialize_throughput... 
17:     [perf] protocol serialize+deserialize 35.03 ms, 3425.83 ops/s
17:     [perf] protocol throughput: 86.22 MB/s
17: PASSED
17:   Running protocol_world_path_breakdown_eval... 
17:     [perf] protocol serialize only        24.71 ms, 4857.32 ops/s
17: 
17:     [perf] protocol deserialize only      18.85 ms, 6365.71 ops/s
17:     [perf] protocol size per frame: 34054 bytes
17:     [hint] serialize/deserialize costs are balanced
17: PASSED
17:   Running simulation_tick_throughput... 
17:     [perf] simulation_tick (serial)       418.48 ms, 83.64 ops/s
17: PASSED
17:   Running atomic_tick_throughput_and_speedup_eval... 
17:     [perf] atomic_tick (4 threads)        693.85 ms, 43.24 ops/s
17: 
17:     [perf] simulation_tick baseline       399.88 ms, 75.02 ops/s
17:     [perf] atomic/serial time ratio: 1.74x
17: PASSED
17:   Running atomic_tick_thread_scaling_eval... 
17:     [perf] atomic_tick (1 thread)         843.26 ms, 23.72 ops/s
17: 
17:     [perf] atomic_tick (2 threads)        547.74 ms, 36.51 ops/s
17: 
17:     [perf] atomic_tick (4 threads)        328.94 ms, 60.80 ops/s
17:     [perf] speedup vs 1-thread: 2-thread=1.54x 4-thread=2.56x
17: PASSED
17:   Running threadpool_task_throughput... 
17:     [perf] threadpool submit+execute      8.69 ms, 5754402.11 ops/s
17: PASSED
17:   Running threadpool_granularity_eval... 
17:     [perf] threadpool tiny tasks          9.79 ms, 5104645.23 ops/s
17: 
17:     [perf] threadpool batched tasks       2.38 ms, 21017234.06 ops/s
17:     [perf] tiny/batched ratio: 4.12x
17:     [hint] task submission overhead is high; consider coarser work units
17: PASSED
17: 
17: --- Performance Eval Results ---
17: Passed: 9
17: Failed: 0
2/2 Test #17: PerformanceEvalTests .............   Passed    3.68 sec

The following tests passed:
	SimdEvalTests
	PerformanceEvalTests

100% tests passed, 0 tests failed out of 2

Total Test time (real) =   4.48 sec
