UpdateCTestConfiguration  from :/Users/wokuno/Desktop/ferox/build-perf/debug/DartConfiguration.tcl
Test project /Users/wokuno/Desktop/ferox/build-perf/debug
Constructing a list of tests
Done constructing a list of tests
Updating test list for fixtures
Added 0 tests to meet fixture requirements
Checking test dependency graph...
Checking test dependency graph end
test 16
    Start 16: SimdEvalTests

16: Test command: /Users/wokuno/Desktop/ferox/build-perf/debug/tests/test_simd_eval
16: Working Directory: /Users/wokuno/Desktop/ferox/build-perf/debug/tests
16: Test timeout computed to be: 120
16: 
16: === SIMD Eval Tests ===
16: 
16:   Running simd_decay_toxins_matches_scalar_reference... PASSED
16:   Running simd_produce_toxins_decay_matches_scalar_on_empty_world... PASSED
16:   Running simd_update_scents_clamps_signal_range... PASSED
16:   Running simd_decay_toxins_performance_eval... 
16:     [perf] decay_toxins: optimized=78.70ms scalar=177.19ms ratio=0.44x
16: PASSED
16: 
16: --- SIMD Eval Results ---
16: Passed: 4
16: Failed: 0
1/2 Test #16: SimdEvalTests ....................   Passed    0.27 sec
test 17
    Start 17: PerformanceEvalTests

17: Test command: /Users/wokuno/Desktop/ferox/build-perf/debug/tests/test_performance_eval
17: Working Directory: /Users/wokuno/Desktop/ferox/build-perf/debug/tests
17: Test timeout computed to be: 180
17: 
17: === Performance Eval Tests ===
17:     (Set FEROX_PERF_SCALE=2..20 for heavier benchmark loops)
17: 
17:   Running shared_name_color_generation_throughput... 
17:     [perf] name+color generation          26.30 ms, 3802281.34 ops/s
17: PASSED
17:   Running world_lifecycle_throughput... 
17:     [perf] world create/init/destroy      56.75 ms, 6343.17 ops/s
17: PASSED
17:   Running protocol_world_serialize_deserialize_throughput... 
17:     [perf] protocol serialize+deserialize 66.64 ms, 3601.22 ops/s
17:     [perf] protocol throughput: 90.63 MB/s
17: PASSED
17:   Running protocol_world_path_breakdown_eval... 
17:     [perf] protocol serialize only        45.56 ms, 5268.01 ops/s
17: 
17:     [perf] protocol deserialize only      36.09 ms, 6649.67 ops/s
17:     [perf] protocol size per frame: 34054 bytes
17:     [hint] serialize/deserialize costs are balanced
17: PASSED
17:   Running simulation_tick_throughput... 
17:     [perf] simulation_tick (serial)       1218.81 ms, 57.43 ops/s
17: PASSED
17:   Running atomic_tick_throughput_and_speedup_eval... 
17:     [perf] atomic_tick (4 threads)        1730.16 ms, 34.68 ops/s
17: 
17:     [perf] simulation_tick baseline       1133.91 ms, 52.91 ops/s
17:     [perf] atomic/serial time ratio: 1.53x
17: PASSED
17:   Running atomic_tick_thread_scaling_eval... 
17:     [perf] atomic_tick (1 thread)         2937.28 ms, 13.62 ops/s
17: 
17:     [perf] atomic_tick (2 threads)        1597.15 ms, 25.04 ops/s
17: 
17:     [perf] atomic_tick (4 threads)        986.46 ms, 40.55 ops/s
17:     [perf] speedup vs 1-thread: 2-thread=1.84x 4-thread=2.98x
17: PASSED
17:   Running threadpool_task_throughput... 
17:     [perf] threadpool submit+execute      18.52 ms, 5400734.56 ops/s
17: PASSED
17:   Running threadpool_granularity_eval... 
17:     [perf] threadpool tiny tasks          17.39 ms, 5750431.17 ops/s
17: 
17:     [perf] threadpool batched tasks       4.02 ms, 24888003.20 ops/s
17:     [perf] tiny/batched ratio: 4.33x
17:     [hint] task submission overhead is high; consider coarser work units
17: PASSED
17: 
17: --- Performance Eval Results ---
17: Passed: 9
17: Failed: 0
2/2 Test #17: PerformanceEvalTests .............   Passed   10.04 sec

The following tests passed:
	SimdEvalTests
	PerformanceEvalTests

100% tests passed, 0 tests failed out of 2

Total Test time (real) =  10.31 sec
