UpdateCTestConfiguration  from :/Users/wokuno/Desktop/ferox/build-perf/release/DartConfiguration.tcl
Test project /Users/wokuno/Desktop/ferox/build-perf/release
Constructing a list of tests
Done constructing a list of tests
Updating test list for fixtures
Added 0 tests to meet fixture requirements
Checking test dependency graph...
Checking test dependency graph end
test 16
    Start 16: SimdEvalTests

16: Test command: /Users/wokuno/Desktop/ferox/build-perf/release/tests/test_simd_eval
16: Working Directory: /Users/wokuno/Desktop/ferox/build-perf/release/tests
16: Test timeout computed to be: 120
16: 
16: === SIMD Eval Tests ===
16: 
16:   Running simd_decay_toxins_matches_scalar_reference... PASSED
16:   Running simd_produce_toxins_decay_matches_scalar_on_empty_world... PASSED
16:   Running simd_update_scents_clamps_signal_range... PASSED
16:   Running simd_decay_toxins_performance_eval... 
16:     [perf] decay_toxins: optimized=2.67ms scalar=3.27ms ratio=0.82x
16: PASSED
16: 
16: --- SIMD Eval Results ---
16: Passed: 4
16: Failed: 0
1/2 Test #16: SimdEvalTests ....................   Passed    0.01 sec
test 17
    Start 17: PerformanceEvalTests

17: Test command: /Users/wokuno/Desktop/ferox/build-perf/release/tests/test_performance_eval
17: Working Directory: /Users/wokuno/Desktop/ferox/build-perf/release/tests
17: Test timeout computed to be: 180
17: 
17: === Performance Eval Tests ===
17:     (Set FEROX_PERF_SCALE=2..20 for heavier benchmark loops)
17: 
17:   Running shared_name_color_generation_throughput... 
17:     [perf] name+color generation          17.87 ms, 5596910.47 ops/s
17: PASSED
17:   Running world_lifecycle_throughput... 
17:     [perf] world create/init/destroy      14.75 ms, 24411.75 ops/s
17: PASSED
17:   Running protocol_world_serialize_deserialize_throughput... 
17:     [perf] protocol serialize+deserialize 12.61 ms, 19032.51 ops/s
17:     [perf] protocol throughput: 479.00 MB/s
17: PASSED
17:   Running protocol_world_path_breakdown_eval... 
17:     [perf] protocol serialize only        7.09 ms, 33869.60 ops/s
17: 
17:     [perf] protocol deserialize only      8.26 ms, 29048.66 ops/s
17:     [perf] protocol size per frame: 34054 bytes
17:     [hint] serialize/deserialize costs are balanced
17: PASSED
17:   Running simulation_tick_throughput... 
17:     [perf] simulation_tick (serial)       315.10 ms, 222.15 ops/s
17: PASSED
17:   Running atomic_tick_throughput_and_speedup_eval... 
17:     [perf] atomic_tick (4 threads)        454.91 ms, 131.90 ops/s
17: 
17:     [perf] simulation_tick baseline       285.24 ms, 210.35 ops/s
17:     [perf] atomic/serial time ratio: 1.59x
17: PASSED
17:   Running atomic_tick_thread_scaling_eval... 
17:     [perf] atomic_tick (1 thread)         650.74 ms, 61.47 ops/s
17: 
17:     [perf] atomic_tick (2 threads)        381.81 ms, 104.76 ops/s
17: 
17:     [perf] atomic_tick (4 threads)        240.69 ms, 166.19 ops/s
17:     [perf] speedup vs 1-thread: 2-thread=1.70x 4-thread=2.70x
17: PASSED
17:   Running threadpool_task_throughput... 
17:     [perf] threadpool submit+execute      17.22 ms, 5807875.50 ops/s
17: PASSED
17:   Running threadpool_granularity_eval... 
17:     [perf] threadpool tiny tasks          16.50 ms, 6061340.89 ops/s
17: 
17:     [perf] threadpool batched tasks       3.22 ms, 31094531.20 ops/s
17:     [perf] tiny/batched ratio: 5.13x
17:     [hint] task submission overhead is high; consider coarser work units
17: PASSED
17: 
17: --- Performance Eval Results ---
17: Passed: 9
17: Failed: 0
2/2 Test #17: PerformanceEvalTests .............   Passed    2.48 sec

The following tests passed:
	SimdEvalTests
	PerformanceEvalTests

100% tests passed, 0 tests failed out of 2

Total Test time (real) =   2.50 sec
