UpdateCTestConfiguration  from :/Users/okunow/Desktop/ferox-wt-143/build-perf/release/DartConfiguration.tcl
Test project /Users/okunow/Desktop/ferox-wt-143/build-perf/release
Constructing a list of tests
Done constructing a list of tests
Updating test list for fixtures
Added 0 tests to meet fixture requirements
Checking test dependency graph...
Checking test dependency graph end
test 16
    Start 16: SimdEvalTests

16: Test command: /Users/okunow/Desktop/ferox-wt-143/build-perf/release/tests/test_simd_eval
16: Working Directory: /Users/okunow/Desktop/ferox-wt-143/build-perf/release/tests
16: Test timeout computed to be: 120
16: 
16: === SIMD Eval Tests ===
16: 
16:   Running simd_decay_toxins_matches_scalar_reference... PASSED
16:   Running simd_produce_toxins_decay_matches_scalar_on_empty_world... PASSED
16:   Running simd_update_scents_clamps_signal_range... PASSED
16:   Running simd_update_scents_produces_reproducible_activation_front... PASSED
16:   Running simd_update_scents_tracks_strongest_source... PASSED
16:   Running simd_decay_toxins_performance_eval... 
16:     [perf] decay_toxins: optimized=2.54ms scalar=2.76ms ratio=0.92x
16: PASSED
16: 
16: --- SIMD Eval Results ---
16: Passed: 6
16: Failed: 0
1/3 Test #16: SimdEvalTests ....................   Passed    0.01 sec
test 19
    Start 19: PerformanceEvalTests

19: Test command: /Users/okunow/Desktop/ferox-wt-143/build-perf/release/tests/test_performance_eval
19: Working Directory: /Users/okunow/Desktop/ferox-wt-143/build-perf/release/tests
19: Test timeout computed to be: 180
19: 
19: === Performance Eval Tests ===
19:     (Set FEROX_PERF_SCALE=2..20 for heavier benchmark loops)
19: 
19:   Running shared_name_color_generation_throughput... 
19:     [perf] name+color generation          15.01 ms, 6660006.72 ops/s
19: PASSED
19:   Running world_lifecycle_throughput... 
19:     [perf] world create/init/destroy      10.86 ms, 33143.07 ops/s
19: PASSED
19:   Running protocol_world_serialize_deserialize_throughput... 
19:     [perf] protocol serialize+deserialize 9.40 ms, 25521.05 ops/s
19:     [perf] protocol throughput: 611.17 MB/s
19: PASSED
19:   Running protocol_world_path_breakdown_eval... 
19:     [perf] protocol serialize only        5.68 ms, 42260.96 ops/s
19: 
19:     [perf] protocol deserialize only      6.00 ms, 39986.67 ops/s
19:     [perf] protocol size per frame: 32615 bytes
19:     [hint] serialize/deserialize costs are balanced
19: PASSED
19:   Running server_broadcast_path_breakdown_eval... 
19:     [perf] broadcast build snapshot       3.84 ms, 41688.38 ops/s
19: 
19:     [perf] broadcast build+serialize      8.61 ms, 18591.68 ops/s
19: 
19:     [perf] broadcast end-to-end (0 clients) 8.59 ms, 18630.65 ops/s
19:     [perf] broadcast avg snapshot: 159.96 KiB, encoded: 4.82 KiB
19:     [perf] broadcast stage share: build=44.6% serialize+other=55.4%
19: PASSED
19:   Running simulation_tick_throughput... 
19:     [perf] simulation_tick (serial)       457.65 ms, 152.95 ops/s
19: PASSED
19:   Running frontier_telemetry_seeded_run_eval...     [perf] frontier telemetry csv: seed,tick,frontier_sector_count,lineage_diversity_proxy,lineage_entropy_bits
19:     [perf] frontier_telemetry seed=48048 tick=10 frontier_sector_count=14 lineage_diversity_proxy=0.976354 lineage_entropy_bits=5.260585 frontier_cells=1176 occupied_cells=2540 active_lineages=49
19:     [perf] frontier_telemetry seed=48048 tick=20 frontier_sector_count=14 lineage_diversity_proxy=0.974089 lineage_entropy_bits=5.161312 frontier_cells=3134 occupied_cells=9629 active_lineages=49
19:     [perf] frontier_telemetry seed=48048 tick=30 frontier_sector_count=15 lineage_diversity_proxy=0.970855 lineage_entropy_bits=5.058022 frontier_cells=5219 occupied_cells=19794 active_lineages=48
19:     [perf] frontier_telemetry seed=48048 tick=40 frontier_sector_count=15 lineage_diversity_proxy=0.968477 lineage_entropy_bits=4.957969 frontier_cells=8163 occupied_cells=31189 active_lineages=48
19:     [perf] frontier_telemetry seed=48048 tick=50 frontier_sector_count=16 lineage_diversity_proxy=0.965860 lineage_entropy_bits=4.904332 frontier_cells=11780 occupied_cells=42382 active_lineages=48
19:     [perf] frontier_telemetry seed=48048 tick=60 frontier_sector_count=16 lineage_diversity_proxy=0.959898 lineage_entropy_bits=4.839403 frontier_cells=16125 occupied_cells=51648 active_lineages=48
19: 
19:     [perf] frontier telemetry compute     255.57 ms, 234.77 ops/s
19: PASSED
19:   Running atomic_tick_throughput_and_speedup_eval... 
19:     [perf] atomic_tick (4 threads)        207.08 ms, 289.74 ops/s
19: 
19:     [perf] simulation_tick baseline       324.86 ms, 184.69 ops/s
19:     [perf] atomic/serial time ratio: 0.64x
19: PASSED
19:   Running atomic_tick_thread_scaling_eval... 
19:     [perf] atomic_tick (1 thread)         122.50 ms, 326.54 ops/s
19: 
19:     [perf] atomic_tick (2 threads)        107.12 ms, 373.42 ops/s
19: 
19:     [perf] atomic_tick (4 threads)        102.84 ms, 388.93 ops/s
19:     [perf] speedup vs 1-thread: 2-thread=1.14x 4-thread=1.19x
19: PASSED
19:   Running atomic_tick_phase_breakdown_eval... 
19:     [perf] atomic phase: age              78.46 ms, 637.29 ops/s
19: 
19:     [perf] atomic phase: spread           20.30 ms, 2462.69 ops/s
19: 
19:     [perf] atomic phase: sync_to_world    1.78 ms, 28026.92 ops/s
19: 
19:     [perf] atomic phase: serial core      41.06 ms, 1217.79 ops/s
19: 
19:     [perf] atomic phase: sync_from_world  3.26 ms, 15318.63 ops/s
19: 
19:     [perf] atomic phase: total            144.87 ms, 345.13 ops/s
19:     [perf] atomic phase share: age=54.2% spread=14.0% sync_to=1.2% serial=28.3% sync_from=2.3% overhead=0.0%
19: PASSED
19:   Running atomic_sync_throughput_scaling_eval... 
19:     [perf] sync_to_world 200x100          0.62 ms, 128410.98 ops/s
19: 
19:     [perf] sync_from_world 200x100        2.85 ms, 28109.63 ops/s
19:     [perf] sync_to_world 200x100: 2568.22 Mcells/s
19:     [perf] sync_from_world 200x100: 562.19 Mcells/s
19: 
19:     [perf] sync_to_world 400x200          2.82 ms, 28348.69 ops/s
19: 
19:     [perf] sync_from_world 400x200        10.31 ms, 7762.47 ops/s
19:     [perf] sync_to_world 400x200: 2267.90 Mcells/s
19:     [perf] sync_from_world 400x200: 621.00 Mcells/s
19: 
19:     [perf] sync_to_world 800x400          11.78 ms, 6791.17 ops/s
19: 
19:     [perf] sync_from_world 800x400        41.03 ms, 1949.60 ops/s
19:     [perf] sync_to_world 800x400: 2173.17 Mcells/s
19:     [perf] sync_from_world 800x400: 623.87 Mcells/s
19:     [perf] sync_to scaling vs 200x100: 400x200=0.88x 800x400=0.85x
19:     [perf] sync_from scaling vs 200x100: 400x200=1.10x 800x400=1.11x
19: PASSED
19:   Running threadpool_task_throughput... 
19:     [perf] threadpool submit+execute      25.35 ms, 3944150.88 ops/s
19: PASSED
19:   Running threadpool_granularity_eval... 
19:     [perf] threadpool tiny tasks          22.83 ms, 4379625.94 ops/s
19: 
19:     [perf] threadpool chunked submit      15.94 ms, 6272345.29 ops/s
19: 
19:     [perf] threadpool batched tasks       0.42 ms, 240384679.31 ops/s
19:     [perf] tiny/chunked-submit ratio: 1.43x
19:     [perf] tiny/batched ratio: 54.89x
19:     [hint] task submission overhead is high; consider coarser work units
19: PASSED
19:   Running threadpool_worker_follow_on_submit_eval... 
19:     [perf] threadpool worker follow-on    1.91 ms, 52465893.39 ops/s
19: PASSED
19: 
19: --- Performance Eval Results ---
19: Passed: 14
19: Failed: 0
2/3 Test #19: PerformanceEvalTests .............   Passed    2.00 sec
test 20
    Start 20: PerformanceComponentTests

20: Test command: /Users/okunow/Desktop/ferox-wt-143/build-perf/release/tests/test_perf_components
20: Working Directory: /Users/okunow/Desktop/ferox-wt-143/build-perf/release/tests
20: Test timeout computed to be: 180
20: 
20: === Performance Component Tests ===
20:     (Set FEROX_PERF_SCALE=2..20 for heavier benchmark loops)
20: 
20:   Running simulation_update_nutrients_component_eval... 
20:     [perf] simulation_update_nutrients        7.78 ms, 20578.78 ops/s
20: PASSED
20:   Running simulation_spread_component_eval... 
20:     [perf] simulation_spread                  11.07 ms, 7230.00 ops/s
20: PASSED
20:   Running simulation_update_scents_component_eval... 
20:     [perf] simulation_update_scents           46.74 ms, 3423.41 ops/s
20: PASSED
20:   Running simulation_resolve_combat_component_eval... 
20:     [perf] simulation_resolve_combat          13.42 ms, 2980.85 ops/s
20: PASSED
20:   Running simulation_resolve_combat_sparse_border_component_eval... 
20:     [perf] simulation_resolve_combat_sparse_border 5.38 ms, 7429.42 ops/s
20: PASSED
20:   Running frontier_telemetry_component_eval... 
20:     [perf] frontier_telemetry_compute         5.30 ms, 15080.11 ops/s
20: PASSED
20:   Running atomic_spread_phase_component_eval... 
20:     [perf] atomic_age phase                   2.30 ms, 52060.74 ops/s
20: 
20:     [perf] atomic_spread phase                1.69 ms, 70963.93 ops/s
20: PASSED
20:   Running snapshot_build_component_eval... 
20:     [perf] server snapshot build              8.18 ms, 39105.46 ops/s
20: PASSED
20: 
20: --- Performance Component Results ---
20: Passed: 8
20: Failed: 0
3/3 Test #20: PerformanceComponentTests ........   Passed    3.60 sec

The following tests passed:
	SimdEvalTests
	PerformanceEvalTests
	PerformanceComponentTests

100% tests passed, 0 tests failed out of 3

Total Test time (real) =   5.62 sec
